<?xml version="1.0" encoding="UTF-8"?>
<!-- Generated by org.testng.reporters.JUnitReportReporter -->
<testsuite hostname="gyanesh-ZED-Air-CX3" failures="0" tests="3" name="datastructure.TestAddBig" time="0.059" errors="0" timestamp="2021-02-14T13:59:43 IST" skipped="0">
  <testcase classname="datastructure.TestAddBig" name="testAdd" time="0.019"/>
  <system-out/>
  <testcase classname="datastructure.TestAddBig" name="testAdd" time="0.034"/>
  <system-out/>
  <testcase classname="datastructure.TestAddBig" name="testAdd" time="0.006"/>
  <system-out/>
</testsuite> <!-- datastructure.TestAddBig -->
